

HI-TECH Software PIC LITE Macro Assembler V9.81 build 7503 
                                                                                               Tue Oct 08 12:26:09 2024

HI-TECH Software Omniscient Code Generator (Lite mode) build 7503
     1  0000                     opt subtitle "HI-TECH Software Omniscient Code Generator (Lite mode) build 7503"
     2                           
     3                           opt pagewidth 120
     4                           
     5                           	opt lm
     6                           
     7                           	processor	16F877A
     8                           clrc	macro
     9                           	bcf	3,0
    10  0000                     	endm
    11                           clrz	macro
    12                           	bcf	3,2
    13  0000                     	endm
    14                           setc	macro
    15                           	bsf	3,0
    16  0000                     	endm
    17                           setz	macro
    18                           	bsf	3,2
    19  0000                     	endm
    20                           skipc	macro
    21                           	btfss	3,0
    22  0000                     	endm
    23                           skipz	macro
    24                           	btfss	3,2
    25  0000                     	endm
    26                           skipnc	macro
    27                           	btfsc	3,0
    28  0000                     	endm
    29                           skipnz	macro
    30                           	btfsc	3,2
    31  0000                     	endm
    32  0000                     indf	equ	0
    33  0000                     indf0	equ	0
    34  0002                     pc	equ	2
    35  0002                     pcl	equ	2
    36  0003                     status	equ	3
    37  0004                     fsr	equ	4
    38  0004                     fsr0	equ	4
    39  0001                     c	equ	1
    40  0000                     z	equ	0
    41  000A                     pclath	equ	10
    42                           	FNCALL	_main,_ser_int
    43                           	FNCALL	_main,_txstr
    44                           	FNCALL	_main,_rx
    45                           	FNCALL	_main,_tx
    46                           	FNCALL	_txstr,_tx
    47                           	FNROOT	_main
    48                           	global	_RCREG
    49                           psect	text90,local,class=CODE,delta=2
    50                           global __ptext90
    51  0000                     __ptext90:
    52  001A                     _RCREG	set	26
    53                           	global	_RCSTA
    54  0018                     _RCSTA	set	24
    55                           	global	_TXREG
    56  0019                     _TXREG	set	25
    57                           	global	_RCIF
    58  0065                     _RCIF	set	101
    59                           	global	_TXIF
    60  0064                     _TXIF	set	100
    61                           	global	_SPBRG
    62  0099                     _SPBRG	set	153
    63                           	global	_TXSTA
    64  0098                     _TXSTA	set	152
    65                           	global	_TRISC6
    66  043E                     _TRISC6	set	1086
    67                           	global	_TRISC7
    68  043F                     _TRISC7	set	1087
    69                           psect	strings,class=STRING,delta=2
    70                           global __pstrings
    71  0003                     __pstrings:
    72                           ;	global	stringdir,stringtab,__stringbase
    73  0003                     stringtab:
    74                           ;	String table - string pointers are 1 byte each
    75  0003                     stringcode:stringdir:
      + 0003                     stringdir:	
    76  0003  3000               movlw high(stringdir)
    77  0004  008A               movwf pclath
    78  0005  0804               movf fsr,w
    79  0006  0A84               incf fsr
    80  0007  0782               	addwf pc
    81  0008                     __stringbase:
    82  0008  3400               	retlw	0
    83                           psect	strings
    84                           	
    85  0009                     STR_1:	
    86  0009  3428               	retlw	40	;'('
    87  000A  3445               	retlw	69	;'E'
    88  000B  346D               	retlw	109	;'m'
    89  000C  3462               	retlw	98	;'b'
    90  000D  3465               	retlw	101	;'e'
    91  000E  3454               	retlw	84	;'T'
    92  000F  3472               	retlw	114	;'r'
    93  0010  346F               	retlw	111	;'o'
    94  0011  346E               	retlw	110	;'n'
    95  0012  3469               	retlw	105	;'i'
    96  0013  3463               	retlw	99	;'c'
    97  0014  3458               	retlw	88	;'X'
    98  0015  3429               	retlw	41	;')'
    99  0016  343A               	retlw	58	;':'
   100  0017  3420               	retlw	32	;' '
   101  0018  3445               	retlw	69	;'E'
   102  0019  346E               	retlw	110	;'n'
   103  001A  3474               	retlw	116	;'t'
   104  001B  3465               	retlw	101	;'e'
   105  001C  3472               	retlw	114	;'r'
   106  001D  3420               	retlw	32	;' '
   107  001E  3474               	retlw	116	;'t'
   108  001F  3468               	retlw	104	;'h'
   109  0020  3465               	retlw	101	;'e'
   110  0021  3420               	retlw	32	;' '
   111  0022  346C               	retlw	108	;'l'
   112  0023  3465               	retlw	101	;'e'
   113  0024  3474               	retlw	116	;'t'
   114  0025  3474               	retlw	116	;'t'
   115  0026  3465               	retlw	101	;'e'
   116  0027  3472               	retlw	114	;'r'
   117  0028  3473               	retlw	115	;'s'
   118  0029  3420               	retlw	32	;' '
   119  002A  3469               	retlw	105	;'i'
   120  002B  346E               	retlw	110	;'n'
   121  002C  3420               	retlw	32	;' '
   122  002D  346B               	retlw	107	;'k'
   123  002E  3465               	retlw	101	;'e'
   124  002F  3479               	retlw	121	;'y'
   125  0030  3462               	retlw	98	;'b'
   126  0031  346F               	retlw	111	;'o'
   127  0032  3461               	retlw	97	;'a'
   128  0033  3472               	retlw	114	;'r'
   129  0034  3464               	retlw	100	;'d'
   130  0035  340A               	retlw	10
   131  0036  340D               	retlw	13
   132  0037  340D               	retlw	13
   133  0038  3400               	retlw	0
   134                           psect	strings
   135                           	file	"picuart.as"
   136                           	line	#
   137                           psect cinit,class=CODE,delta=2
   138                           global start_initialization
   139  0794                     start_initialization:
   140                           
   141                           psect cinit,class=CODE,delta=2
   142                           global end_of_initialization
   143                           
   144                           ;End of C runtime variable initialization code
   145                           
   146  0794                     end_of_initialization:
   147  0794  0183               clrf status
   148  0795  120A  118A  2FC0   ljmp _main	;jump to C main() function
   149                           psect	cstackCOMMON,class=COMMON,space=1
   150                           global __pcstackCOMMON
   151  0070                     __pcstackCOMMON:
   152                           	global	?_ser_int
   153  0070                     ?_ser_int:	; 0 bytes @ 0x0
   154                           	global	??_ser_int
   155  0070                     ??_ser_int:	; 0 bytes @ 0x0
   156                           	global	?_txstr
   157  0070                     ?_txstr:	; 0 bytes @ 0x0
   158                           	global	?_tx
   159  0070                     ?_tx:	; 0 bytes @ 0x0
   160                           	global	??_tx
   161  0070                     ??_tx:	; 0 bytes @ 0x0
   162                           	global	??_rx
   163  0070                     ??_rx:	; 0 bytes @ 0x0
   164                           	global	?_main
   165  0070                     ?_main:	; 0 bytes @ 0x0
   166                           	global	?_rx
   167  0070                     ?_rx:	; 1 bytes @ 0x0
   168                           	global	tx@a
   169  0070                     tx@a:	; 1 bytes @ 0x0
   170  0070                     	ds	1
   171                           	global	??_txstr
   172  0071                     ??_txstr:	; 0 bytes @ 0x1
   173  0071                     	ds	1
   174                           	global	txstr@s
   175  0072                     txstr@s:	; 1 bytes @ 0x2
   176  0072                     	ds	1
   177                           	global	??_main
   178  0073                     ??_main:	; 0 bytes @ 0x3
   179 ;;Data sizes: Strings 48, constant 0, data 0, bss 0, persistent 0 stack 0
   180 ;;Auto spaces:   Size  Autos    Used
   181 ;; COMMON          14      3       3
   182 ;; BANK0           80      0       0
   183 ;; BANK1           80      0       0
   184 ;; BANK3           96      0       0
   185 ;; BANK2           96      0       0
   186                           
   187 ;;
   188 ;; Pointer list with targets:
   189                           
   190 ;; txstr@s	PTR unsigned char  size(1) Largest target is 48
   191 ;;		 -> STR_1(CODE[48]), 
   192 ;;
   193                           
   194                           
   195 ;;
   196 ;; Critical Paths under _main in COMMON
   197 ;;
   198 ;;   _main->_txstr
   199 ;;   _txstr->_tx
   200 ;;
   201 ;; Critical Paths under _main in BANK0
   202 ;;
   203 ;;   None.
   204 ;;
   205 ;; Critical Paths under _main in BANK1
   206 ;;
   207 ;;   None.
   208 ;;
   209 ;; Critical Paths under _main in BANK3
   210 ;;
   211 ;;   None.
   212 ;;
   213 ;; Critical Paths under _main in BANK2
   214 ;;
   215 ;;   None.
   216                           
   217 ;;
   218 ;;Main: autosize = 0, tempsize = 0, incstack = 0, save=0
   219 ;;
   220                           
   221 ;;
   222 ;;Call Graph Tables:
   223 ;;
   224 ;; ---------------------------------------------------------------------------------
   225 ;; (Depth) Function   	        Calls       Base Space   Used Autos Params    Refs
   226 ;; ---------------------------------------------------------------------------------
   227 ;; (0) _main                                                 0     0      0      60
   228 ;;                            _ser_int
   229 ;;                              _txstr
   230 ;;                                 _rx
   231 ;;                                 _tx
   232 ;; ---------------------------------------------------------------------------------
   233 ;; (1) _txstr                                                2     2      0      45
   234 ;;                                              1 COMMON     2     2      0
   235 ;;                                 _tx
   236 ;; ---------------------------------------------------------------------------------
   237 ;; (1) _tx                                                   1     1      0      15
   238 ;;                                              0 COMMON     1     1      0
   239 ;; ---------------------------------------------------------------------------------
   240 ;; (1) _rx                                                   0     0      0       0
   241 ;; ---------------------------------------------------------------------------------
   242 ;; (1) _ser_int                                              0     0      0       0
   243 ;; ---------------------------------------------------------------------------------
   244 ;; Estimated maximum stack depth 1
   245 ;; ---------------------------------------------------------------------------------
   246                           
   247 ;; Call Graph Graphs:
   248                           
   249 ;; _main (ROOT)
   250 ;;   _ser_int
   251 ;;   _txstr
   252 ;;     _tx
   253 ;;   _rx
   254 ;;   _tx
   255 ;;
   256                           
   257 ;; Address spaces:
   258                           
   259 ;;Name               Size   Autos  Total    Cost      Usage
   260 ;;BITCOMMON            E      0       0       0        0.0%
   261 ;;EEDATA             100      0       0       0        0.0%
   262 ;;NULL                 0      0       0       0        0.0%
   263 ;;CODE                 0      0       0       0        0.0%
   264 ;;COMMON               E      3       3       1       21.4%
   265 ;;BITSFR0              0      0       0       1        0.0%
   266 ;;SFR0                 0      0       0       1        0.0%
   267 ;;BITSFR1              0      0       0       2        0.0%
   268 ;;SFR1                 0      0       0       2        0.0%
   269 ;;STACK                0      0       2       2        0.0%
   270 ;;ABS                  0      0       0       3        0.0%
   271 ;;BITBANK0            50      0       0       4        0.0%
   272 ;;BITSFR3              0      0       0       4        0.0%
   273 ;;SFR3                 0      0       0       4        0.0%
   274 ;;BANK0               50      0       0       5        0.0%
   275 ;;BITSFR2              0      0       0       5        0.0%
   276 ;;SFR2                 0      0       0       5        0.0%
   277 ;;BITBANK1            50      0       0       6        0.0%
   278 ;;BANK1               50      0       0       7        0.0%
   279 ;;BITBANK3            60      0       0       8        0.0%
   280 ;;BANK3               60      0       0       9        0.0%
   281 ;;BITBANK2            60      0       0      10        0.0%
   282 ;;BANK2               60      0       0      11        0.0%
   283 ;;DATA                 0      0       0      12        0.0%
   284                           
   285                           	global	_main
   286                           psect	maintext,global,class=CODE,delta=2
   287                           global __pmaintext
   288  07C0                     __pmaintext:
   289                           
   290 ;; *************** function _main *****************
   291 ;; Defined at:
   292 ;;		line 8 in file "C:\Users\HP\OneDrive\Documents\PIC\UART\picuart.c"
   293 ;; Parameters:    Size  Location     Type
   294 ;;		None
   295 ;; Auto vars:     Size  Location     Type
   296 ;;		None
   297 ;; Return value:  Size  Location     Type
   298 ;;		None               void
   299 ;; Registers used:
   300 ;;		wreg, fsr0l, fsr0h, status,2, status,0, pclath, cstack
   301 ;; Tracked objects:
   302 ;;		On entry : 17F/0
   303 ;;		On exit  : 0/0
   304 ;;		Unchanged: 0/0
   305 ;; Data sizes:     COMMON   BANK0   BANK1   BANK3   BANK2
   306 ;;      Params:         0       0       0       0       0
   307 ;;      Locals:         0       0       0       0       0
   308 ;;      Temps:          0       0       0       0       0
   309 ;;      Totals:         0       0       0       0       0
   310 ;;Total ram usage:        0 bytes
   311 ;; Hardware stack levels required when called:    2
   312 ;; This function calls:
   313 ;;		_ser_int
   314 ;;		_txstr
   315 ;;		_rx
   316 ;;		_tx
   317 ;; This function is called by:
   318 ;;		Startup code after reset
   319 ;; This function uses a non-reentrant model
   320 ;;
   321                           psect	maintext
   322                           	file	"C:\Users\HP\OneDrive\Documents\PIC\UART\picuart.c"
   323                           	line	8
   324                           	global	__size_of_main
   325  001F                     	__size_of_main	equ	__end_of_main-_main
   326                           	
   327  07C0                     _main:	
   328                           	opt	stack 6
   329                           ; Regs used in _main: [wreg-fsr0h+status,2+status,0+pclath+cstack]
   330                           	line	9
   331                           	
   332  07C0                     l1876:	
   333                           ;picuart.c: 9: TRISC6=0;
   334  07C0  1683               	bsf	status, 5	;RP0=1, select bank1
   335  07C1  1303               	bcf	status, 6	;RP1=0, select bank1
   336  07C2  1307               	bcf	(1086/8)^080h,(1086)&7
   337                           	line	10
   338                           ;picuart.c: 10: TRISC7=1;
   339  07C3  1787               	bsf	(1087/8)^080h,(1087)&7
   340                           	line	11
   341                           	
   342  07C4                     l1878:	
   343                           ;picuart.c: 11: ser_int();
   344  07C4  120A  118A  27AF   	fcall	_ser_int
              120A  118A         
   345                           	line	12
   346                           	
   347  07C9                     l1880:	
   348                           ;picuart.c: 12: txstr("(EmbeTronicX): Enter the letters in keyboard\n\r\r");
   349  07C9  3001               	movlw	((STR_1-__stringbase))&0ffh
   350  07CA  120A  118A  27DF   	fcall	_txstr
              120A  118A         
   351  07CF  2FD0               	goto	l1882
   352                           	line	13
   353                           ;picuart.c: 13: while(1){
   354                           	
   355  07D0                     l693:	
   356                           	line	14
   357                           	
   358  07D0                     l1882:	
   359                           ;picuart.c: 14: tx(rx());
   360  07D0  120A  118A  2798   	fcall	_rx
              120A  118A         
   361  07D5  120A  118A  27A3   	fcall	_tx
              120A  118A         
   362  07DA  2FD0               	goto	l1882
   363                           	line	15
   364                           	
   365  07DB                     l694:	
   366                           	line	13
   367  07DB  2FD0               	goto	l1882
   368                           	
   369  07DC                     l695:	
   370                           	line	15
   371                           	
   372  07DC                     l696:	
   373                           	global	start
   374  07DC  120A  118A  2800   	ljmp	start
   375                           	opt stack 0
   376                           GLOBAL	__end_of_main
   377  07DF                     	__end_of_main:
   378 ;; =============== function _main ends ============
   379                           
   380                           	signat	_main,88
   381                           	global	_txstr
   382                           psect	text91,local,class=CODE,delta=2
   383                           global __ptext91
   384  07DF                     __ptext91:
   385                           
   386 ;; *************** function _txstr *****************
   387 ;; Defined at:
   388 ;;		line 36 in file "C:\Users\HP\OneDrive\Documents\PIC\UART\picuart.c"
   389 ;; Parameters:    Size  Location     Type
   390 ;;  s               1    wreg     PTR unsigned char 
   391 ;;		 -> STR_1(48), 
   392 ;; Auto vars:     Size  Location     Type
   393 ;;  s               1    2[COMMON] PTR unsigned char 
   394 ;;		 -> STR_1(48), 
   395 ;; Return value:  Size  Location     Type
   396 ;;		None               void
   397 ;; Registers used:
   398 ;;		wreg, fsr0l, fsr0h, status,2, status,0, pclath, cstack
   399 ;; Tracked objects:
   400 ;;		On entry : 0/0
   401 ;;		On exit  : 0/0
   402 ;;		Unchanged: 0/0
   403 ;; Data sizes:     COMMON   BANK0   BANK1   BANK3   BANK2
   404 ;;      Params:         0       0       0       0       0
   405 ;;      Locals:         1       0       0       0       0
   406 ;;      Temps:          1       0       0       0       0
   407 ;;      Totals:         2       0       0       0       0
   408 ;;Total ram usage:        2 bytes
   409 ;; Hardware stack levels used:    1
   410 ;; Hardware stack levels required when called:    1
   411 ;; This function calls:
   412 ;;		_tx
   413 ;; This function is called by:
   414 ;;		_main
   415 ;; This function uses a non-reentrant model
   416 ;;
   417                           psect	text91
   418                           	file	"C:\Users\HP\OneDrive\Documents\PIC\UART\picuart.c"
   419                           	line	36
   420                           	global	__size_of_txstr
   421  0021                     	__size_of_txstr	equ	__end_of_txstr-_txstr
   422                           	
   423  07DF                     _txstr:	
   424                           	opt	stack 6
   425                           ; Regs used in _txstr: [wreg-fsr0h+status,2+status,0+pclath+cstack]
   426                           ;txstr@s stored from wreg
   427  07DF  00F2               	movwf	(txstr@s)
   428                           	line	37
   429                           	
   430  07E0                     l1868:	
   431                           ;picuart.c: 37: while(*s){
   432  07E0  2FF2               	goto	l1874
   433                           	
   434  07E1                     l715:	
   435                           	line	38
   436                           	
   437  07E1                     l1870:	
   438                           ;picuart.c: 38: tx(*s++);
   439  07E1  0872               	movf	(txstr@s),w
   440  07E2  0084               	movwf	fsr0
   441  07E3  120A  118A  2003   	fcall	stringdir
              120A  118A         
   442  07E8  120A  118A  27A3   	fcall	_tx
              120A  118A         
   443                           	
   444  07ED                     l1872:	
   445  07ED  3001               	movlw	(01h)
   446  07EE  00F1               	movwf	(??_txstr+0)+0
   447  07EF  0871               	movf	(??_txstr+0)+0,w
   448  07F0  07F2               	addwf	(txstr@s),f
   449  07F1  2FF2               	goto	l1874
   450                           	line	39
   451                           	
   452  07F2                     l714:	
   453                           	line	37
   454                           	
   455  07F2                     l1874:	
   456  07F2  0872               	movf	(txstr@s),w
   457  07F3  0084               	movwf	fsr0
   458  07F4  120A  118A  2003   	fcall	stringdir
              120A  118A         
   459  07F9  3800               	iorlw	0
   460  07FA  1D03               	skipz
   461  07FB  2FFD               	goto	u2161
   462  07FC  2FFE               	goto	u2160
   463  07FD                     u2161:
   464  07FD  2FE1               	goto	l1870
   465  07FE                     u2160:
   466  07FE  2FFF               	goto	l717
   467                           	
   468  07FF                     l716:	
   469                           	line	40
   470                           	
   471  07FF                     l717:	
   472  07FF  0008               	return
   473                           	opt stack 0
   474                           GLOBAL	__end_of_txstr
   475  0800                     	__end_of_txstr:
   476 ;; =============== function _txstr ends ============
   477                           
   478                           	signat	_txstr,4216
   479                           	global	_tx
   480                           psect	text92,local,class=CODE,delta=2
   481                           global __ptext92
   482  07A3                     __ptext92:
   483                           
   484 ;; *************** function _tx *****************
   485 ;; Defined at:
   486 ;;		line 24 in file "C:\Users\HP\OneDrive\Documents\PIC\UART\picuart.c"
   487 ;; Parameters:    Size  Location     Type
   488 ;;  a               1    wreg     unsigned char 
   489 ;; Auto vars:     Size  Location     Type
   490 ;;  a               1    0[COMMON] unsigned char 
   491 ;; Return value:  Size  Location     Type
   492 ;;		None               void
   493 ;; Registers used:
   494 ;;		wreg
   495 ;; Tracked objects:
   496 ;;		On entry : 0/0
   497 ;;		On exit  : 0/0
   498 ;;		Unchanged: 0/0
   499 ;; Data sizes:     COMMON   BANK0   BANK1   BANK3   BANK2
   500 ;;      Params:         0       0       0       0       0
   501 ;;      Locals:         1       0       0       0       0
   502 ;;      Temps:          0       0       0       0       0
   503 ;;      Totals:         1       0       0       0       0
   504 ;;Total ram usage:        1 bytes
   505 ;; Hardware stack levels used:    1
   506 ;; This function calls:
   507 ;;		Nothing
   508 ;; This function is called by:
   509 ;;		_main
   510 ;;		_txstr
   511 ;; This function uses a non-reentrant model
   512 ;;
   513                           psect	text92
   514                           	file	"C:\Users\HP\OneDrive\Documents\PIC\UART\picuart.c"
   515                           	line	24
   516                           	global	__size_of_tx
   517  000C                     	__size_of_tx	equ	__end_of_tx-_tx
   518                           	
   519  07A3                     _tx:	
   520                           	opt	stack 7
   521                           ; Regs used in _tx: [wreg]
   522                           ;tx@a stored from wreg
   523  07A3  00F0               	movwf	(tx@a)
   524                           	line	25
   525                           	
   526  07A4                     l1100:	
   527                           ;picuart.c: 25: TXREG=a;
   528  07A4  0870               	movf	(tx@a),w
   529  07A5  1283               	bcf	status, 5	;RP0=0, select bank0
   530  07A6  1303               	bcf	status, 6	;RP1=0, select bank0
   531  07A7  0099               	movwf	(25)	;volatile
   532                           	line	26
   533                           ;picuart.c: 26: while(!TXIF);
   534  07A8  2FA9               	goto	l702
   535                           	
   536  07A9                     l703:	
   537                           	
   538  07A9                     l702:	
   539  07A9  1E0C               	btfss	(100/8),(100)&7
   540  07AA  2FAC               	goto	u21
   541  07AB  2FAD               	goto	u20
   542  07AC                     u21:
   543  07AC  2FA9               	goto	l702
   544  07AD                     u20:
   545                           	
   546  07AD                     l704:	
   547                           	line	27
   548                           ;picuart.c: 27: TXIF=0;
   549  07AD  120C               	bcf	(100/8),(100)&7
   550                           	line	28
   551                           	
   552  07AE                     l705:	
   553  07AE  0008               	return
   554                           	opt stack 0
   555                           GLOBAL	__end_of_tx
   556  07AF                     	__end_of_tx:
   557 ;; =============== function _tx ends ============
   558                           
   559                           	signat	_tx,4216
   560                           	global	_rx
   561                           psect	text93,local,class=CODE,delta=2
   562                           global __ptext93
   563  0798                     __ptext93:
   564                           
   565 ;; *************** function _rx *****************
   566 ;; Defined at:
   567 ;;		line 30 in file "C:\Users\HP\OneDrive\Documents\PIC\UART\picuart.c"
   568 ;; Parameters:    Size  Location     Type
   569 ;;		None
   570 ;; Auto vars:     Size  Location     Type
   571 ;;		None
   572 ;; Return value:  Size  Location     Type
   573 ;;                  1    wreg      unsigned char 
   574 ;; Registers used:
   575 ;;		wreg
   576 ;; Tracked objects:
   577 ;;		On entry : 0/0
   578 ;;		On exit  : 0/0
   579 ;;		Unchanged: 0/0
   580 ;; Data sizes:     COMMON   BANK0   BANK1   BANK3   BANK2
   581 ;;      Params:         0       0       0       0       0
   582 ;;      Locals:         0       0       0       0       0
   583 ;;      Temps:          0       0       0       0       0
   584 ;;      Totals:         0       0       0       0       0
   585 ;;Total ram usage:        0 bytes
   586 ;; Hardware stack levels used:    1
   587 ;; This function calls:
   588 ;;		Nothing
   589 ;; This function is called by:
   590 ;;		_main
   591 ;; This function uses a non-reentrant model
   592 ;;
   593                           psect	text93
   594                           	file	"C:\Users\HP\OneDrive\Documents\PIC\UART\picuart.c"
   595                           	line	30
   596                           	global	__size_of_rx
   597  000B                     	__size_of_rx	equ	__end_of_rx-_rx
   598                           	
   599  0798                     _rx:	
   600                           	opt	stack 7
   601                           ; Regs used in _rx: [wreg]
   602                           	line	31
   603                           	
   604  0798                     l1094:	
   605                           ;picuart.c: 31: while(!RCIF);
   606  0798  2F99               	goto	l708
   607                           	
   608  0799                     l709:	
   609                           	
   610  0799                     l708:	
   611  0799  1283               	bcf	status, 5	;RP0=0, select bank0
   612  079A  1303               	bcf	status, 6	;RP1=0, select bank0
   613  079B  1E8C               	btfss	(101/8),(101)&7
   614  079C  2F9E               	goto	u11
   615  079D  2F9F               	goto	u10
   616  079E                     u11:
   617  079E  2F99               	goto	l708
   618  079F                     u10:
   619                           	
   620  079F                     l710:	
   621                           	line	32
   622                           ;picuart.c: 32: RCIF=0;
   623  079F  128C               	bcf	(101/8),(101)&7
   624                           	line	33
   625                           	
   626  07A0                     l1096:	
   627                           ;picuart.c: 33: return RCREG;
   628  07A0  081A               	movf	(26),w	;volatile
   629  07A1  2FA2               	goto	l711
   630                           	
   631  07A2                     l1098:	
   632                           	line	34
   633                           	
   634  07A2                     l711:	
   635  07A2  0008               	return
   636                           	opt stack 0
   637                           GLOBAL	__end_of_rx
   638  07A3                     	__end_of_rx:
   639 ;; =============== function _rx ends ============
   640                           
   641                           	signat	_rx,89
   642                           	global	_ser_int
   643                           psect	text94,local,class=CODE,delta=2
   644                           global __ptext94
   645  07AF                     __ptext94:
   646                           
   647 ;; *************** function _ser_int *****************
   648 ;; Defined at:
   649 ;;		line 17 in file "C:\Users\HP\OneDrive\Documents\PIC\UART\picuart.c"
   650 ;; Parameters:    Size  Location     Type
   651 ;;		None
   652 ;; Auto vars:     Size  Location     Type
   653 ;;		None
   654 ;; Return value:  Size  Location     Type
   655 ;;		None               void
   656 ;; Registers used:
   657 ;;		wreg
   658 ;; Tracked objects:
   659 ;;		On entry : 0/0
   660 ;;		On exit  : 0/0
   661 ;;		Unchanged: 0/0
   662 ;; Data sizes:     COMMON   BANK0   BANK1   BANK3   BANK2
   663 ;;      Params:         0       0       0       0       0
   664 ;;      Locals:         0       0       0       0       0
   665 ;;      Temps:          0       0       0       0       0
   666 ;;      Totals:         0       0       0       0       0
   667 ;;Total ram usage:        0 bytes
   668 ;; Hardware stack levels used:    1
   669 ;; This function calls:
   670 ;;		Nothing
   671 ;; This function is called by:
   672 ;;		_main
   673 ;; This function uses a non-reentrant model
   674 ;;
   675                           psect	text94
   676                           	file	"C:\Users\HP\OneDrive\Documents\PIC\UART\picuart.c"
   677                           	line	17
   678                           	global	__size_of_ser_int
   679  0011                     	__size_of_ser_int	equ	__end_of_ser_int-_ser_int
   680                           	
   681  07AF                     _ser_int:	
   682                           	opt	stack 7
   683                           ; Regs used in _ser_int: [wreg]
   684                           	line	18
   685                           	
   686  07AF                     l1090:	
   687                           ;picuart.c: 18: TXSTA=0X20;
   688  07AF  3020               	movlw	(020h)
   689  07B0  1683               	bsf	status, 5	;RP0=1, select bank1
   690  07B1  1303               	bcf	status, 6	;RP1=0, select bank1
   691  07B2  0098               	movwf	(152)^080h	;volatile
   692                           	line	19
   693                           ;picuart.c: 19: RCSTA=0b10010000;
   694  07B3  3090               	movlw	(090h)
   695  07B4  1283               	bcf	status, 5	;RP0=0, select bank0
   696  07B5  1303               	bcf	status, 6	;RP1=0, select bank0
   697  07B6  0098               	movwf	(24)	;volatile
   698                           	line	20
   699                           ;picuart.c: 20: SPBRG=17;
   700  07B7  3011               	movlw	(011h)
   701  07B8  1683               	bsf	status, 5	;RP0=1, select bank1
   702  07B9  1303               	bcf	status, 6	;RP1=0, select bank1
   703  07BA  0099               	movwf	(153)^080h	;volatile
   704                           	line	21
   705                           	
   706  07BB                     l1092:	
   707                           ;picuart.c: 21: TXIF=RCIF=0;
   708  07BB  1283               	bcf	status, 5	;RP0=0, select bank0
   709  07BC  1303               	bcf	status, 6	;RP1=0, select bank0
   710  07BD  128C               	bcf	(101/8),(101)&7
   711  07BE  120C               	bcf	(100/8),(100)&7
   712                           	line	22
   713                           	
   714  07BF                     l699:	
   715  07BF  0008               	return
   716                           	opt stack 0
   717                           GLOBAL	__end_of_ser_int
   718  07C0                     	__end_of_ser_int:
   719 ;; =============== function _ser_int ends ============
   720                           
   721                           	signat	_ser_int,88
   722                           psect	text95,local,class=CODE,delta=2
   723                           global __ptext95
   724  0000                     __ptext95:
   725                           	global	btemp
   726  007E                     	btemp set 07Eh
   727                           
   728                           	DABS	1,126,2	;btemp
   729                           	global	wtemp0
   730  007E                     	wtemp0 set btemp


HI-TECH Software PICC Macro Assembler V9.81 build 7503 
Symbol Table                                                                                   Tue Oct 08 12:26:09 2024

                   pc 0002                    u10 079F                    u11 079E                    u20 07AD  
                  u21 07AC                    _rx 0798                    _tx 07A3                    fsr 0004  
                 l710 079F                   l702 07A9                   l711 07A2                   l703 07A9  
                 l704 07AD                   ?_rx 0070                   l705 07AE                   l714 07F2  
                 l715 07E1                   l708 0799                   l716 07FF                   ?_tx 0070  
                 l709 0799                   l717 07FF                   l693 07D0                   l694 07DB  
                 l695 07DC                   l696 07DC                   l699 07BF                   fsr0 0004  
                 tx@a 0070                  ??_rx 0070                  ??_tx 0070                  l1100 07A4  
                l1090 07AF                  l1092 07BB                  l1094 0798                  l1096 07A0  
                l1098 07A2                  l1870 07E1                  l1872 07ED                  l1880 07C9  
                l1874 07F2                  l1882 07D0                  l1868 07E0                  l1876 07C0  
                l1878 07C4                  STR_1 0009                  u2160 07FE                  u2161 07FD  
                _RCIF 0065                  _TXIF 0064                  _main 07C0                  btemp 007E  
                start 0000                 ?_main 0070                 _RCREG 001A                 _RCSTA 0018  
               _SPBRG 0099                 _TXREG 0019                 _TXSTA 0098                 _txstr 07DF  
     __end_of_ser_int 07C0                 pclath 000A                 status 0003                 wtemp0 007E  
        __end_of_main 07DF                ??_main 0073                ?_txstr 0070                _TRISC6 043E  
              _TRISC7 043F             ??_ser_int 0070                txstr@s 0072        __pcstackCOMMON 0070  
       __end_of_txstr 0800            __end_of_rx 07A3            __end_of_tx 07AF               ??_txstr 0071  
          __pmaintext 07C0               _ser_int 07AF  end_of_initialization 0794   start_initialization 0794  
           __pstrings 0003              ?_ser_int 0070        __size_of_txstr 0021           __size_of_rx 000B  
         __size_of_tx 000C           __stringbase 0008              __ptext90 0000              __ptext91 07DF  
            __ptext92 07A3              __ptext93 0798              __ptext94 07AF              __ptext95 0000  
    __size_of_ser_int 0011         __size_of_main 001F             stringcode 0003              stringdir 0003  
            stringtab 0003  
